<?xml version="1.0" encoding="UTF-8"?>
<!-- Generated by org.testng.reporters.JUnitReportReporter -->
<testsuite hostname="DESKTOP-ETEC6QL" failures="0" tests="1" name="Hierchyexample" time="0.012" errors="0" timestamp="2020-11-29T16:20:11 IST" skipped="0">
  <testcase classname="Hierchyexample" name="test" time="0.012"/>
  <system-out/>
</testsuite> <!-- Hierchyexample -->
