<?xml version="1.0" encoding="UTF-8"?>
<!-- Generated by org.testng.reporters.JUnitReportReporter -->
<testsuite hostname="DESKTOP-ETEC6QL" failures="0" tests="1" name="testng.Parameterization" time="0.020" errors="0" timestamp="2020-11-29T15:11:11 IST" skipped="0">
  <testcase classname="testng.Parameterization" name="printname" time="0.020"/>
  <system-out/>
</testsuite> <!-- testng.Parameterization -->
