<?xml version="1.0" encoding="UTF-8"?>
<!-- Generated by org.testng.reporters.JUnitReportReporter -->
<testsuite hostname="DESKTOP-ETEC6QL" failures="0" tests="4" name="testng.Skiptestcases$Realtime" time="0.007" errors="0" timestamp="2020-11-29T14:14:21 IST" skipped="1">
  <testcase classname="testng.Skiptestcases$Realtime" name="kurtis" time="0.003"/>
  <system-out/>
  <testcase classname="testng.Skiptestcases$Realtime" name="newshop" time="0.002"/>
  <system-out/>
  <testcase classname="testng.Skiptestcases$Realtime" name="shirt" time="0.002"/>
  <system-out/>
  <testcase classname="testng.Skiptestcases$Realtime" name="thereareoffers">
    <skipped/>
  </testcase> <!-- thereareoffers -->
  <system-out/>
</testsuite> <!-- testng.Skiptestcases$Realtime -->
