<?xml version="1.0" encoding="UTF-8"?>
<!-- Generated by org.testng.reporters.JUnitReportReporter -->
<testsuite hostname="DESKTOP-ETEC6QL" failures="0" tests="5" name="testng.Sample" time="0.019" errors="0" timestamp="2020-11-29T14:14:21 IST" skipped="0">
  <testcase classname="testng.Sample" name="sample2" time="0.003"/>
  <system-out/>
  <testcase classname="testng.Sample" name="sample4" time="0.003"/>
  <system-out/>
  <testcase classname="testng.Sample" name="sample1" time="0.005"/>
  <system-out/>
  <testcase classname="testng.Sample" name="sample5" time="0.005"/>
  <system-out/>
  <testcase classname="testng.Sample" name="sample3" time="0.003"/>
  <system-out/>
</testsuite> <!-- testng.Sample -->
