<?xml version="1.0" encoding="UTF-8"?>
<!-- Generated by org.testng.reporters.JUnitReportReporter -->
<testsuite hostname="DESKTOP-ETEC6QL" failures="0" tests="4" name="testng.Grouping" time="0.035" errors="0" timestamp="2020-12-24T20:28:45 IST" skipped="0">
  <testcase classname="testng.Grouping" name="redme1" time="0.005"/>
  <system-out/>
  <testcase classname="testng.Grouping" name="apple" time="0.022"/>
  <system-out/>
  <testcase classname="testng.Grouping" name="apple1" time="0.005"/>
  <system-out/>
  <testcase classname="testng.Grouping" name="redme" time="0.003"/>
  <system-out/>
</testsuite> <!-- testng.Grouping -->
