<?xml version="1.0" encoding="UTF-8"?>
<!-- Generated by org.testng.reporters.JUnitReportReporter -->
<testsuite hostname="DESKTOP-ETEC6QL" failures="0" tests="3" name="testng.DependanciesManagement" time="0.029" errors="0" timestamp="2020-12-24T19:53:40 IST" skipped="0">
  <testcase classname="testng.DependanciesManagement" name="employee" time="0.022"/>
  <system-out/>
  <testcase classname="testng.DependanciesManagement" name="manager" time="0.003"/>
  <system-out/>
  <testcase classname="testng.DependanciesManagement" name="teamlead" time="0.004"/>
  <system-out/>
</testsuite> <!-- testng.DependanciesManagement -->
