<?xml version="1.0" encoding="UTF-8"?>
<!-- Generated by org.testng.reporters.JUnitReportReporter -->
<testsuite hostname="DESKTOP-ETEC6QL" failures="0" tests="3" name="testng.Realtime" time="0.015" errors="0" timestamp="2020-11-29T14:14:21 IST" skipped="0">
  <testcase classname="testng.Realtime" name="kurtis" time="0.002"/>
  <system-out/>
  <testcase classname="testng.Realtime" name="newshop" time="0.009"/>
  <system-out/>
  <testcase classname="testng.Realtime" name="shirt" time="0.004"/>
  <system-out/>
</testsuite> <!-- testng.Realtime -->
