<?xml version="1.0" encoding="UTF-8"?>
<!-- Generated by org.testng.reporters.JUnitReportReporter -->
<testsuite hostname="DESKTOP-ETEC6QL" failures="0" tests="1" name="testng.Assertions" time="0.019" errors="0" timestamp="2020-11-29T16:07:07 IST" skipped="0">
  <testcase classname="testng.Assertions" name="checkonce" time="0.019"/>
  <system-out/>
</testsuite> <!-- testng.Assertions -->
