<?xml version="1.0" encoding="UTF-8"?>
<!-- Generated by org.testng.reporters.JUnitReportReporter -->
<testsuite hostname="DESKTOP-ETEC6QL" failures="0" tests="3" name="testng.SuiteExample" time="34.570" errors="0" timestamp="2020-11-29T14:14:21 IST" skipped="0">
  <testcase classname="testng.SuiteExample" name="opengoogle" time="12.482"/>
  <system-out/>
  <testcase classname="testng.SuiteExample" name="openbing" time="5.246"/>
  <system-out/>
  <testcase classname="testng.SuiteExample" name="opengmail" time="16.842"/>
  <system-out/>
</testsuite> <!-- testng.SuiteExample -->
