<?xml version="1.0" encoding="UTF-8"?>
<!-- Generated by org.testng.reporters.JUnitReportReporter -->
<testsuite hostname="DESKTOP-ETEC6QL" failures="0" tests="2" name="testng.Parallel" time="28.796" errors="0" timestamp="2020-11-29T15:52:03 IST" skipped="0">
  <testcase classname="testng.Parallel" name="opengoogle" time="19.060"/>
  <system-out/>
  <testcase classname="testng.Parallel" name="openbing" time="9.736"/>
  <system-out/>
</testsuite> <!-- testng.Parallel -->
