<?xml version="1.0" encoding="UTF-8"?>
<!-- Generated by org.testng.reporters.JUnitReportReporter -->
<testsuite hostname="DESKTOP-ETEC6QL" failures="0" tests="3" name="javado.Methods" time="0.024" errors="0" timestamp="2021-01-05T15:08:57 IST" skipped="0">
  <testcase classname="javado.Methods" name="log3" time="0.003"/>
  <system-out/>
  <testcase classname="javado.Methods" name="log1" time="0.015"/>
  <system-out/>
  <testcase classname="javado.Methods" name="log2" time="0.006"/>
  <system-out/>
</testsuite> <!-- javado.Methods -->
