<?xml version="1.0" encoding="UTF-8"?>
<!-- Generated by org.testng.reporters.JUnitReportReporter -->
<testsuite hostname="DESKTOP-ETEC6QL" failures="0" tests="1" name="search.AddProduct" time="0.000" errors="0" timestamp="2021-04-06T10:52:59 IST" skipped="1">
  <testcase classname="search.AddProduct" name="Logining" time="0.000">
    <skipped/>
  </testcase> <!-- Logining -->
  <system-out/>
</testsuite> <!-- search.AddProduct -->
