<?xml version="1.0" encoding="UTF-8"?>
<!-- Generated by org.testng.reporters.JUnitReportReporter -->
<testsuite hostname="DESKTOP-ETEC6QL" failures="0" tests="1" name="script.Bothcrrct" time="19.224" errors="0" timestamp="2020-12-01T16:07:19 IST" skipped="0">
  <testcase classname="script.Bothcrrct" name="loginwithbothcrt" time="19.224"/>
  <system-out/>
</testsuite> <!-- script.Bothcrrct -->
