<?xml version="1.0" encoding="UTF-8"?>
<!-- Generated by org.testng.reporters.JUnitReportReporter -->
<testsuite hostname="DESKTOP-ETEC6QL" failures="0" tests="1" name="script.Correctun" time="11.153" errors="0" timestamp="2020-12-01T16:07:18 IST" skipped="0">
  <testcase classname="script.Correctun" name="loginwithcorrectuser" time="11.153"/>
  <system-out/>
</testsuite> <!-- script.Correctun -->
