<?xml version="1.0" encoding="UTF-8"?>
<!-- Generated by org.testng.reporters.JUnitReportReporter -->
<testsuite hostname="DESKTOP-ETEC6QL" failures="0" tests="4" name="script.Login" time="58.399" errors="0" timestamp="2020-12-01T18:44:23 IST" skipped="0">
  <testcase classname="script.Login" name="loginwithbothcrt" time="12.753"/>
  <system-out/>
  <testcase classname="script.Login" name="loginwithbothcrt" time="13.435"/>
  <system-out/>
  <testcase classname="script.Login" name="loginwithbothcrt" time="13.096"/>
  <system-out/>
  <testcase classname="script.Login" name="loginwithbothcrt" time="19.115"/>
  <system-out/>
</testsuite> <!-- script.Login -->
