<?xml version="1.0" encoding="UTF-8"?>
<!-- Generated by org.testng.reporters.JUnitReportReporter -->
<testsuite hostname="DESKTOP-ETEC6QL" failures="0" tests="1" name="script.Bothincorrr" time="11.468" errors="0" timestamp="2020-12-01T16:07:19 IST" skipped="0">
  <testcase classname="script.Bothincorrr" name="loginwithbothincrt" time="11.468"/>
  <system-out/>
</testsuite> <!-- script.Bothincorrr -->
